0 info it worked if it ends with ok
1 verbose cli [ '/Users/andreaseriksson/.nvm/v6.9.1/bin/node',
1 verbose cli   '/Users/andreaseriksson/.nvm/v6.9.1/bin/npm',
1 verbose cli   'run',
1 verbose cli   'dev' ]
2 info using npm@3.10.8
3 info using node@v6.9.1
4 verbose run-script [ 'predev', 'dev', 'postdev' ]
5 info lifecycle npwriter-plugin-bundle@0.0.1~predev: npwriter-plugin-bundle@0.0.1
6 silly lifecycle npwriter-plugin-bundle@0.0.1~predev: no script for predev, continuing
7 info lifecycle npwriter-plugin-bundle@0.0.1~dev: npwriter-plugin-bundle@0.0.1
8 verbose lifecycle npwriter-plugin-bundle@0.0.1~dev: unsafe-perm in lifecycle true
9 verbose lifecycle npwriter-plugin-bundle@0.0.1~dev: PATH: /Users/andreaseriksson/.nvm/v6.9.1/lib/node_modules/npm/bin/node-gyp-bin:/Users/andreaseriksson/Documents/Development/javascript/NPWriterPluginBundle/node_modules/.bin:/Users/andreaseriksson/.nvm/v6.9.1/bin:/Users/andreaseriksson/.gem/ruby/2.0.0/gems/cocoapods-0.39.0/bin/:/Users/andreaseriksson/.gem/bin:(Function):(Function):/usr/local/bin:/usr/bin:/bin:/usr/sbin:/sbin:/usr/local/MacGPG2/bin
10 verbose lifecycle npwriter-plugin-bundle@0.0.1~dev: CWD: /Users/andreaseriksson/Documents/Development/javascript/NPWriterPluginBundle
11 silly lifecycle npwriter-plugin-bundle@0.0.1~dev: Args: [ '-c',
11 silly lifecycle   'webpack-dev-server --content-base build/ --config webpack.config.js --hot --progress --colors --watch' ]
12 info lifecycle npwriter-plugin-bundle@0.0.1~dev: Failed to exec dev script
13 verbose stack Error: npwriter-plugin-bundle@0.0.1 dev: `webpack-dev-server --content-base build/ --config webpack.config.js --hot --progress --colors --watch`
13 verbose stack spawn ENOENT
13 verbose stack     at ChildProcess.<anonymous> (/Users/andreaseriksson/.nvm/v6.9.1/lib/node_modules/npm/lib/utils/spawn.js:33:16)
13 verbose stack     at emitTwo (events.js:106:13)
13 verbose stack     at ChildProcess.emit (events.js:191:7)
13 verbose stack     at maybeClose (internal/child_process.js:877:16)
13 verbose stack     at Process.ChildProcess._handle.onexit (internal/child_process.js:226:5)
14 verbose pkgid npwriter-plugin-bundle@0.0.1
15 verbose cwd /Users/andreaseriksson/Documents/Development/javascript/NPWriterPluginBundle
16 error Darwin 15.3.0
17 error argv "/Users/andreaseriksson/.nvm/v6.9.1/bin/node" "/Users/andreaseriksson/.nvm/v6.9.1/bin/npm" "run" "dev"
18 error node v6.9.1
19 error npm  v3.10.8
20 error file sh
21 error code ELIFECYCLE
22 error errno ENOENT
23 error syscall spawn
24 error npwriter-plugin-bundle@0.0.1 dev: `webpack-dev-server --content-base build/ --config webpack.config.js --hot --progress --colors --watch`
24 error spawn ENOENT
25 error Failed at the npwriter-plugin-bundle@0.0.1 dev script 'webpack-dev-server --content-base build/ --config webpack.config.js --hot --progress --colors --watch'.
25 error Make sure you have the latest version of node.js and npm installed.
25 error If you do, this is most likely a problem with the npwriter-plugin-bundle package,
25 error not with npm itself.
25 error Tell the author that this fails on your system:
25 error     webpack-dev-server --content-base build/ --config webpack.config.js --hot --progress --colors --watch
25 error You can get information on how to open an issue for this project with:
25 error     npm bugs npwriter-plugin-bundle
25 error Or if that isn't available, you can get their info via:
25 error     npm owner ls npwriter-plugin-bundle
25 error There is likely additional logging output above.
26 verbose exit [ 1, true ]
